mode: set
github.com/mrGreatProgrammer/wallet/pkg/wallet/service.go:12.31,14.2 1 0

github.com/mrGreatProgrammer/wallet/pkg/wallet/service.go:140.68,142.16 2 1
github.com/mrGreatProgrammer/wallet/pkg/wallet/service.go:145.2,146.16 2 1
github.com/mrGreatProgrammer/wallet/pkg/wallet/service.go:150.2,152.16 3 1
github.com/mrGreatProgrammer/wallet/pkg/wallet/service.go:155.2,155.17 1 1
github.com/mrGreatProgrammer/wallet/pkg/wallet/service.go:142.16,144.3 1 1
github.com/mrGreatProgrammer/wallet/pkg/wallet/service.go:146.16,148.3 1 0
github.com/mrGreatProgrammer/wallet/pkg/wallet/service.go:152.16,154.3 1 0
github.com/mrGreatProgrammer/wallet/pkg/wallet/service.go:159.91,161.16 2 1
github.com/mrGreatProgrammer/wallet/pkg/wallet/service.go:164.2,165.16 2 1
github.com/mrGreatProgrammer/wallet/pkg/wallet/service.go:169.2,178.21 3 1
github.com/mrGreatProgrammer/wallet/pkg/wallet/service.go:161.16,163.3 1 1
github.com/mrGreatProgrammer/wallet/pkg/wallet/service.go:165.16,167.3 1 0
github.com/mrGreatProgrammer/wallet/pkg/wallet/service.go:182.80,183.39 1 1
github.com/mrGreatProgrammer/wallet/pkg/wallet/service.go:189.2,189.33 1 1
github.com/mrGreatProgrammer/wallet/pkg/wallet/service.go:183.39,184.32 1 1
github.com/mrGreatProgrammer/wallet/pkg/wallet/service.go:184.32,186.4 1 1
github.com/mrGreatProgrammer/wallet/pkg/wallet/service.go:193.78,195.16 2 1
github.com/mrGreatProgrammer/wallet/pkg/wallet/service.go:199.2,201.16 3 1
github.com/mrGreatProgrammer/wallet/pkg/wallet/service.go:205.2,205.21 1 1
github.com/mrGreatProgrammer/wallet/pkg/wallet/service.go:195.16,197.3 1 1
github.com/mrGreatProgrammer/wallet/pkg/wallet/service.go:201.16,203.3 1 0

